Date: 30/10/2016 00:24:27:935
Category: default
File: ../CSTLOutExample/cwf/cppwebapplication.cpp
Function: int CWF::CppWebApplication::start()
Version: 2
Message: Server online


Date: 30/10/2016 00:24:53:175
Category: default
File: ../CSTLOutExample/cwf/cppwebapplication.cpp
Function: int CWF::CppWebApplication::start()
Version: 2
Message: Server online


Date: 30/10/2016 00:25:33:366
Category: default
File: ../CSTLOutExample/cwf/cppwebapplication.cpp
Function: int CWF::CppWebApplication::start()
Version: 2
Message: Server online


Date: 30/10/2016 00:25:53:949
Category: default
File: ../CSTLOutExample/cwf/cppwebapplication.cpp
Function: int CWF::CppWebApplication::start()
Version: 2
Message: Server online


