Date: 29/10/2016 23:35:08:381
Category: default
File: ../HelloWorld/cwf/cppwebapplication.cpp
Function: int CWF::CppWebApplication::start()
Version: 2
Message: Server online


Date: 29/10/2016 23:38:33:304
Category: default
File: ../HelloWorld/cwf/cppwebapplication.cpp
Function: int CWF::CppWebApplication::start()
Version: 2
Message: Server online


Date: 30/10/2016 00:28:52:070
Category: default
File: ../HelloWorld/cwf/cppwebapplication.cpp
Function: int CWF::CppWebApplication::start()
Version: 2
Message: Server online


Date: 30/10/2016 12:25:49:868
Category: default
File: ../HelloWorld/cwf/cppwebapplication.cpp
Function: int CWF::CppWebApplication::start()
Version: 2
Message: Server online


