Date: 16/10/2016 19:44:49:596
Category: default
File: ../ShowFile/cwf/cppwebapplication.cpp
Function: int CWF::CppWebApplication::start()
Version: 2
Message: Server online


Date: 16/10/2016 19:45:51:988
Category: default
File: ../ShowFile/cwf/cppwebapplication.cpp
Function: int CWF::CppWebApplication::start()
Version: 2
Message: Server online


Date: 16/10/2016 20:00:37:493
Category: default
File: ../SaveFiles/cwf/cppwebapplication.cpp
Function: int CWF::CppWebApplication::start()
Version: 2
Message: Server online


Date: 16/10/2016 20:03:22:949
Category: default
File: ../SaveFiles/cwf/cppwebapplication.cpp
Function: int CWF::CppWebApplication::start()
Version: 2
Message: Server online


Date: 16/10/2016 20:04:03:614
Category: default
File: ../SaveFiles/cwf/cppwebapplication.cpp
Function: int CWF::CppWebApplication::start()
Version: 2
Message: Server online


