Date: 30/10/2016 00:24:27:935
Category: default
File: ../CSTLOutExample/cwf/cppwebapplication.cpp
Function: int CWF::CppWebApplication::start()
Version: 2
Message: Server online


Date: 30/10/2016 00:24:53:175
Category: default
File: ../CSTLOutExample/cwf/cppwebapplication.cpp
Function: int CWF::CppWebApplication::start()
Version: 2
Message: Server online


Date: 30/10/2016 00:25:33:366
Category: default
File: ../CSTLOutExample/cwf/cppwebapplication.cpp
Function: int CWF::CppWebApplication::start()
Version: 2
Message: Server online


Date: 30/10/2016 00:25:53:949
Category: default
File: ../CSTLOutExample/cwf/cppwebapplication.cpp
Function: int CWF::CppWebApplication::start()
Version: 2
Message: Server online


Date: 30/10/2016 10:58:37:053
Category: default
File: ../CSTLImportExample/cwf/cppwebapplication.cpp
Function: int CWF::CppWebApplication::start()
Version: 2
Message: Server online


Date: 30/10/2016 11:01:46:918
Category: default
File: ../CSTLImportExample/cwf/cppwebapplication.cpp
Function: int CWF::CppWebApplication::start()
Version: 2
Message: Server online


Date: 30/10/2016 11:40:07:010
Category: default
File: ../CSTLImportExample/cwf/cppwebapplication.cpp
Function: int CWF::CppWebApplication::start()
Version: 2
Message: Server online


Date: 30/10/2016 11:43:20:340
Category: default
File: ../CSTLImportExample/cwf/cppwebapplication.cpp
Function: int CWF::CppWebApplication::start()
Version: 2
Message: Server online


Date: 30/10/2016 12:07:16:270
Category: default
File: ../CSTLImportExample/cwf/cppwebapplication.cpp
Function: int CWF::CppWebApplication::start()
Version: 2
Message: Server online


